The system is: Windows - 10.0.18363 - AMD64
Compiling the C compiler identification source file "CMakeCCompilerId.c" succeeded.
Compiler: C:/Program Files (x86)/Microsoft Visual Studio/2019/BuildTools/VC/Tools/MSVC/14.26.28801/bin/Hostx86/x86/cl.exe 
Build flags: 
Id flags:  

The output was:
0
Microsoft (R) Kompilator optymalizujący C/C++, wersja 19.26.28806 dla architektury x86
Copyright (C) Microsoft Corporation. Wszystkie prawa zastrzeżone.

CMakeCCompilerId.c
Microsoft (R) Incremental Linker Version 14.26.28806.0
Copyright (C) Microsoft Corporation.  All rights reserved.

/out:CMakeCCompilerId.exe 
CMakeCCompilerId.obj 


Compilation of the C compiler identification source "CMakeCCompilerId.c" produced "CMakeCCompilerId.exe"

Compilation of the C compiler identification source "CMakeCCompilerId.c" produced "CMakeCCompilerId.obj"

The C compiler identification is MSVC, found in "C:/Users/pchmi/CLionProjects/Ships the Game/cmake-build-debug/CMakeFiles/3.16.5/CompilerIdC/CMakeCCompilerId.exe"

Determining if the C compiler works passed with the following output:
Change Dir: C:/Users/pchmi/CLionProjects/Ships the Game/cmake-build-debug/CMakeFiles/CMakeTmp

Run Build Command(s):nmake /nologo cmTC_b57bd\fast && 	"C:\Program Files (x86)\Microsoft Visual Studio\2019\BuildTools\VC\Tools\MSVC\14.26.28801\bin\HostX86\x86\nmake.exe" -f CMakeFiles\cmTC_b57bd.dir\build.make /nologo -L                  CMakeFiles\cmTC_b57bd.dir\build
Building C object CMakeFiles/cmTC_b57bd.dir/testCCompiler.c.obj
	"C:\PROGRA~2\Microsoft Visual Studio\2019\BuildTools\VC\Tools\MSVC\14.26.28801\bin\Hostx86\x86\cl.exe" @C:\Users\pchmi\AppData\Local\Temp\nmB794.tmp
testCCompiler.c
Linking C executable cmTC_b57bd.exe
	"C:\Program Files\JetBrains\CLion 2020.1.1\bin\cmake\win\bin\cmake.exe" -E vs_link_exe --intdir=CMakeFiles\cmTC_b57bd.dir --rc="C:\PROGRA~2\Windows Kits\10\bin\10.0.18362.0\x86\rc.exe" --mt="C:\PROGRA~2\Windows Kits\10\bin\10.0.18362.0\x86\mt.exe" --manifests  -- "C:\PROGRA~2\Microsoft Visual Studio\2019\BuildTools\VC\Tools\MSVC\14.26.28801\bin\Hostx86\x86\link.exe" /nologo @CMakeFiles\cmTC_b57bd.dir\objects1.rsp @C:\Users\pchmi\AppData\Local\Temp\nmB822.tmp



Detecting C compiler ABI info compiled with the following output:
Change Dir: C:/Users/pchmi/CLionProjects/Ships the Game/cmake-build-debug/CMakeFiles/CMakeTmp

Run Build Command(s):nmake /nologo cmTC_6d19c\fast && 	"C:\Program Files (x86)\Microsoft Visual Studio\2019\BuildTools\VC\Tools\MSVC\14.26.28801\bin\HostX86\x86\nmake.exe" -f CMakeFiles\cmTC_6d19c.dir\build.make /nologo -L                  CMakeFiles\cmTC_6d19c.dir\build
Building C object CMakeFiles/cmTC_6d19c.dir/CMakeCCompilerABI.c.obj
	"C:\PROGRA~2\Microsoft Visual Studio\2019\BuildTools\VC\Tools\MSVC\14.26.28801\bin\Hostx86\x86\cl.exe" @C:\Users\pchmi\AppData\Local\Temp\nmBBAB.tmp
CMakeCCompilerABI.c
Linking C executable cmTC_6d19c.exe
	"C:\Program Files\JetBrains\CLion 2020.1.1\bin\cmake\win\bin\cmake.exe" -E vs_link_exe --intdir=CMakeFiles\cmTC_6d19c.dir --rc="C:\PROGRA~2\Windows Kits\10\bin\10.0.18362.0\x86\rc.exe" --mt="C:\PROGRA~2\Windows Kits\10\bin\10.0.18362.0\x86\mt.exe" --manifests  -- "C:\PROGRA~2\Microsoft Visual Studio\2019\BuildTools\VC\Tools\MSVC\14.26.28801\bin\Hostx86\x86\link.exe" /nologo @CMakeFiles\cmTC_6d19c.dir\objects1.rsp @C:\Users\pchmi\AppData\Local\Temp\nmBC29.tmp



